{"level":"error","message":"Could not get the genresCould not get the genres","stack":"Error: Could not get the genres\n    at router.get (/Users/cheth/Documents/Programing Projects/Mosh-Node/VIDLY/routes/genres.js:9:9)\n    at newFn (/Users/cheth/Documents/Programing Projects/Mosh-Node/VIDLY/node_modules/express-async-errors/index.js:16:20)\n    at Layer.handle [as handle_request] (/Users/cheth/Documents/Programing Projects/Mosh-Node/VIDLY/node_modules/express/lib/router/layer.js:95:5)\n    at next (/Users/cheth/Documents/Programing Projects/Mosh-Node/VIDLY/node_modules/express/lib/router/route.js:137:13)\n    at Route.dispatch (/Users/cheth/Documents/Programing Projects/Mosh-Node/VIDLY/node_modules/express/lib/router/route.js:112:3)\n    at newFn (/Users/cheth/Documents/Programing Projects/Mosh-Node/VIDLY/node_modules/express-async-errors/index.js:16:20)\n    at Layer.handle [as handle_request] (/Users/cheth/Documents/Programing Projects/Mosh-Node/VIDLY/node_modules/express/lib/router/layer.js:95:5)\n    at /Users/cheth/Documents/Programing Projects/Mosh-Node/VIDLY/node_modules/express/lib/router/index.js:281:22\n    at Function.process_params (/Users/cheth/Documents/Programing Projects/Mosh-Node/VIDLY/node_modules/express/lib/router/index.js:335:12)\n    at next (/Users/cheth/Documents/Programing Projects/Mosh-Node/VIDLY/node_modules/express/lib/router/index.js:275:10)\n    at Function.handle (/Users/cheth/Documents/Programing Projects/Mosh-Node/VIDLY/node_modules/express/lib/router/index.js:174:3)\n    at router (/Users/cheth/Documents/Programing Projects/Mosh-Node/VIDLY/node_modules/express/lib/router/index.js:47:12)\n    at newFn (/Users/cheth/Documents/Programing Projects/Mosh-Node/VIDLY/node_modules/express-async-errors/index.js:16:20)\n    at Layer.handle [as handle_request] (/Users/cheth/Documents/Programing Projects/Mosh-Node/VIDLY/node_modules/express/lib/router/layer.js:95:5)\n    at trim_prefix (/Users/cheth/Documents/Programing Projects/Mosh-Node/VIDLY/node_modules/express/lib/router/index.js:317:13)\n    at /Users/cheth/Documents/Programing Projects/Mosh-Node/VIDLY/node_modules/express/lib/router/index.js:284:7\n    at Function.process_params (/Users/cheth/Documents/Programing Projects/Mosh-Node/VIDLY/node_modules/express/lib/router/index.js:335:12)\n    at next (/Users/cheth/Documents/Programing Projects/Mosh-Node/VIDLY/node_modules/express/lib/router/index.js:275:10)\n    at jsonParser (/Users/cheth/Documents/Programing Projects/Mosh-Node/VIDLY/node_modules/body-parser/lib/types/json.js:119:7)\n    at newFn (/Users/cheth/Documents/Programing Projects/Mosh-Node/VIDLY/node_modules/express-async-errors/index.js:16:20)\n    at Layer.handle [as handle_request] (/Users/cheth/Documents/Programing Projects/Mosh-Node/VIDLY/node_modules/express/lib/router/layer.js:95:5)\n    at trim_prefix (/Users/cheth/Documents/Programing Projects/Mosh-Node/VIDLY/node_modules/express/lib/router/index.js:317:13)"}
{"message":"Could not get the genres","stack":"Error: Could not get the genres\n    at router.get (/Users/cheth/Documents/Programing Projects/Mosh-Node/VIDLY/routes/genres.js:9:9)\n    at newFn (/Users/cheth/Documents/Programing Projects/Mosh-Node/VIDLY/node_modules/express-async-errors/index.js:16:20)\n    at Layer.handle [as handle_request] (/Users/cheth/Documents/Programing Projects/Mosh-Node/VIDLY/node_modules/express/lib/router/layer.js:95:5)\n    at next (/Users/cheth/Documents/Programing Projects/Mosh-Node/VIDLY/node_modules/express/lib/router/route.js:137:13)\n    at Route.dispatch (/Users/cheth/Documents/Programing Projects/Mosh-Node/VIDLY/node_modules/express/lib/router/route.js:112:3)\n    at newFn (/Users/cheth/Documents/Programing Projects/Mosh-Node/VIDLY/node_modules/express-async-errors/index.js:16:20)\n    at Layer.handle [as handle_request] (/Users/cheth/Documents/Programing Projects/Mosh-Node/VIDLY/node_modules/express/lib/router/layer.js:95:5)\n    at /Users/cheth/Documents/Programing Projects/Mosh-Node/VIDLY/node_modules/express/lib/router/index.js:281:22\n    at Function.process_params (/Users/cheth/Documents/Programing Projects/Mosh-Node/VIDLY/node_modules/express/lib/router/index.js:335:12)\n    at next (/Users/cheth/Documents/Programing Projects/Mosh-Node/VIDLY/node_modules/express/lib/router/index.js:275:10)\n    at Function.handle (/Users/cheth/Documents/Programing Projects/Mosh-Node/VIDLY/node_modules/express/lib/router/index.js:174:3)\n    at router (/Users/cheth/Documents/Programing Projects/Mosh-Node/VIDLY/node_modules/express/lib/router/index.js:47:12)\n    at newFn (/Users/cheth/Documents/Programing Projects/Mosh-Node/VIDLY/node_modules/express-async-errors/index.js:16:20)\n    at Layer.handle [as handle_request] (/Users/cheth/Documents/Programing Projects/Mosh-Node/VIDLY/node_modules/express/lib/router/layer.js:95:5)\n    at trim_prefix (/Users/cheth/Documents/Programing Projects/Mosh-Node/VIDLY/node_modules/express/lib/router/index.js:317:13)\n    at /Users/cheth/Documents/Programing Projects/Mosh-Node/VIDLY/node_modules/express/lib/router/index.js:284:7\n    at Function.process_params (/Users/cheth/Documents/Programing Projects/Mosh-Node/VIDLY/node_modules/express/lib/router/index.js:335:12)\n    at next (/Users/cheth/Documents/Programing Projects/Mosh-Node/VIDLY/node_modules/express/lib/router/index.js:275:10)\n    at jsonParser (/Users/cheth/Documents/Programing Projects/Mosh-Node/VIDLY/node_modules/body-parser/lib/types/json.js:119:7)\n    at newFn (/Users/cheth/Documents/Programing Projects/Mosh-Node/VIDLY/node_modules/express-async-errors/index.js:16:20)\n    at Layer.handle [as handle_request] (/Users/cheth/Documents/Programing Projects/Mosh-Node/VIDLY/node_modules/express/lib/router/layer.js:95:5)\n    at trim_prefix (/Users/cheth/Documents/Programing Projects/Mosh-Node/VIDLY/node_modules/express/lib/router/index.js:317:13)","level":"error","timestamp":"2019-05-10T02:55:31.510Z"}
{"level":"info","message":"Listening on port 3000....","timestamp":"2019-05-13T00:44:02.523Z"}
{"level":"info","message":"Connected to MongoDB...","timestamp":"2019-05-13T00:44:02.597Z"}
{"level":"info","message":"Listening on port 3000....","timestamp":"2019-05-13T00:49:41.618Z"}
{"level":"info","message":"Connected to MongoDB...","timestamp":"2019-05-13T00:49:41.694Z"}
{"level":"info","message":"Listening on port 3000....","timestamp":"2019-05-13T00:51:47.639Z"}
{"level":"info","message":"Connected to MongoDB...","timestamp":"2019-05-13T00:51:47.707Z"}
{"level":"info","message":"Listening on port 3000....","timestamp":"2019-05-13T00:58:34.458Z"}
{"level":"info","message":"Connected to MongoDB...","timestamp":"2019-05-13T00:58:34.513Z"}
{"level":"info","message":"Listening on port 3000....","timestamp":"2019-05-13T01:01:10.789Z"}
{"level":"info","message":"Connected to MongoDB...","timestamp":"2019-05-13T01:01:10.859Z"}
{"level":"info","message":"Listening on port 3000....","timestamp":"2019-05-13T01:02:00.359Z"}
{"level":"info","message":"Connected to MongoDB...","timestamp":"2019-05-13T01:02:00.438Z"}
{"level":"info","message":"Listening on port 3000....","timestamp":"2019-05-13T01:02:29.462Z"}
{"level":"info","message":"Connected to MongoDB...","timestamp":"2019-05-13T01:02:29.573Z"}
{"level":"info","message":"Listening on port 3000....","timestamp":"2019-05-13T23:13:01.163Z"}
{"level":"info","message":"Connected to MongoDB...","timestamp":"2019-05-13T23:13:01.229Z"}
{"level":"info","message":"Listening on port 3000....","timestamp":"2019-05-15T03:45:35.146Z"}
{"level":"info","message":"Connected to mongodb://localhost/vidly...","timestamp":"2019-05-15T03:45:35.266Z"}
{"level":"info","message":"Listening on port 3000....","timestamp":"2019-05-15T03:47:03.615Z"}
{"level":"info","message":"Connected to mongodb://localhost/vidly_tests...","timestamp":"2019-05-15T03:47:03.684Z"}
{"level":"info","message":"Listening on port 3000....","timestamp":"2019-05-15T04:01:17.984Z"}
{"level":"info","message":"Listening on port 3000....","timestamp":"2019-05-15T04:04:24.204Z"}
{"level":"info","message":"Listening on port 3000....","timestamp":"2019-05-15T04:07:55.225Z"}
{"level":"info","message":"Listening on port 3000....","timestamp":"2019-05-15T04:08:43.209Z"}
{"level":"info","message":"Listening on port 3000....","timestamp":"2019-05-15T04:08:51.263Z"}
{"level":"info","message":"Listening on port 3000....","timestamp":"2019-05-15T04:11:08.934Z"}
{"level":"info","message":"Listening on port 3000....","timestamp":"2019-05-15T04:12:56.870Z"}
{"level":"info","message":"Listening on port 3000....","timestamp":"2019-05-15T04:18:06.467Z"}
{"level":"info","message":"Connected to mongodb://localhost/vidly...","timestamp":"2019-05-15T04:18:06.533Z"}
{"level":"info","message":"Listening on port 3000....","timestamp":"2019-05-15T04:18:24.174Z"}
{"level":"info","message":"Listening on port 3000....","timestamp":"2019-05-15T04:21:56.299Z"}
{"level":"info","message":"Connected to mongodb://localhost/vidly_tests...","timestamp":"2019-05-15T04:21:56.365Z"}
{"level":"info","message":"Listening on port 3000....","timestamp":"2019-05-15T04:22:12.209Z"}
{"level":"info","message":"Listening on port 3000....","timestamp":"2019-05-15T04:24:03.475Z"}
{"level":"info","message":"Listening on port 3000....","timestamp":"2019-05-15T04:26:12.595Z"}
{"level":"info","message":"Connected to mongodb://localhost/vidly_tests...","timestamp":"2019-05-15T04:26:12.665Z"}
{"level":"info","message":"Listening on port 3000....","timestamp":"2019-05-15T04:30:50.403Z"}
{"level":"info","message":"Connected to mongodb://localhost/vidly_tests...","timestamp":"2019-05-15T04:30:50.488Z"}
{"level":"info","message":"Listening on port 3000....","timestamp":"2019-05-15T04:34:50.397Z"}
{"level":"info","message":"Connected to mongodb://localhost/vidly_tests...","timestamp":"2019-05-15T04:34:50.462Z"}
{"level":"info","message":"Listening on port 3000....","timestamp":"2019-05-15T04:36:48.300Z"}
{"level":"info","message":"Connected to mongodb://localhost/vidly_tests...","timestamp":"2019-05-15T04:36:48.371Z"}
{"level":"info","message":"Listening on port 3000....","timestamp":"2019-05-15T04:37:38.104Z"}
{"level":"info","message":"Connected to mongodb://localhost/vidly_tests...","timestamp":"2019-05-15T04:37:38.192Z"}
{"level":"info","message":"Listening on port 3000....","timestamp":"2019-05-15T04:40:16.924Z"}
{"level":"info","message":"Connected to mongodb://localhost/vidly_tests...","timestamp":"2019-05-15T04:40:17.017Z"}
{"level":"info","message":"Listening on port 3000....","timestamp":"2019-05-15T04:40:47.418Z"}
{"level":"info","message":"Connected to mongodb://localhost/vidly_tests...","timestamp":"2019-05-15T04:40:47.504Z"}
{"level":"info","message":"Listening on port 3000....","timestamp":"2019-05-15T04:41:38.477Z"}
{"level":"info","message":"Connected to mongodb://localhost/vidly_tests...","timestamp":"2019-05-15T04:41:38.568Z"}
{"level":"info","message":"Listening on port 3000....","timestamp":"2019-05-15T04:47:57.879Z"}
{"level":"info","message":"Connected to mongodb://localhost/vidly_tests...","timestamp":"2019-05-15T04:47:57.942Z"}
{"level":"info","message":"Listening on port 3000....","timestamp":"2019-05-15T04:48:53.929Z"}
{"level":"info","message":"Connected to mongodb://localhost/vidly_tests...","timestamp":"2019-05-15T04:48:54.029Z"}
{"level":"info","message":"Listening on port 3000....","timestamp":"2019-05-15T04:49:08.106Z"}
{"level":"info","message":"Connected to mongodb://localhost/vidly_tests...","timestamp":"2019-05-15T04:49:08.227Z"}
{"level":"info","message":"Listening on port 3000....","timestamp":"2019-05-15T04:49:52.311Z"}
{"level":"info","message":"Connected to mongodb://localhost/vidly_tests...","timestamp":"2019-05-15T04:49:52.382Z"}
{"level":"info","message":"Listening on port 3000....","timestamp":"2019-05-15T04:50:03.159Z"}
{"level":"info","message":"Connected to mongodb://localhost/vidly_tests...","timestamp":"2019-05-15T04:50:03.220Z"}
{"level":"info","message":"Listening on port 3000....","timestamp":"2019-05-15T04:50:18.941Z"}
{"level":"info","message":"Connected to mongodb://localhost/vidly_tests...","timestamp":"2019-05-15T04:50:19.007Z"}
{"level":"info","message":"Listening on port 3000....","timestamp":"2019-05-15T04:56:03.948Z"}
{"level":"info","message":"Connected to mongodb://localhost/vidly_tests...","timestamp":"2019-05-15T04:56:04.051Z"}
{"level":"info","message":"Listening on port 3000....","timestamp":"2019-05-15T04:56:55.381Z"}
{"level":"info","message":"Connected to mongodb://localhost/vidly_tests...","timestamp":"2019-05-15T04:56:55.477Z"}
{"level":"info","message":"Listening on port 3000....","timestamp":"2019-05-15T04:59:59.075Z"}
{"level":"info","message":"Connected to mongodb://localhost/vidly_tests...","timestamp":"2019-05-15T04:59:59.171Z"}
{"level":"info","message":"Listening on port 3000....","timestamp":"2019-05-15T05:00:21.368Z"}
{"level":"info","message":"Connected to mongodb://localhost/vidly_tests...","timestamp":"2019-05-15T05:00:21.460Z"}
{"level":"info","message":"Listening on port 3000....","timestamp":"2019-05-15T05:03:23.348Z"}
{"level":"info","message":"Connected to mongodb://localhost/vidly_tests...","timestamp":"2019-05-15T05:03:23.448Z"}
{"level":"info","message":"Listening on port 3000....","timestamp":"2019-05-15T05:05:36.620Z"}
{"level":"info","message":"Connected to mongodb://localhost/vidly_tests...","timestamp":"2019-05-15T05:05:36.710Z"}
{"level":"info","message":"Listening on port 3000....","timestamp":"2019-05-15T05:08:03.831Z"}
{"level":"info","message":"Connected to mongodb://localhost/vidly_tests...","timestamp":"2019-05-15T05:08:03.919Z"}
{"level":"info","message":"Listening on port 3000....","timestamp":"2019-05-15T05:09:30.515Z"}
{"level":"info","message":"Connected to mongodb://localhost/vidly_tests...","timestamp":"2019-05-15T05:09:30.600Z"}
{"level":"info","message":"Listening on port 3000....","timestamp":"2019-05-15T05:11:26.491Z"}
{"level":"info","message":"Connected to mongodb://localhost/vidly_tests...","timestamp":"2019-05-15T05:11:26.548Z"}
{"level":"info","message":"Listening on port 3000....","timestamp":"2019-05-15T05:12:11.424Z"}
{"level":"info","message":"Connected to mongodb://localhost/vidly_tests...","timestamp":"2019-05-15T05:12:11.490Z"}
{"level":"info","message":"Listening on port 3000....","timestamp":"2019-05-15T05:12:28.886Z"}
{"level":"info","message":"Connected to mongodb://localhost/vidly_tests...","timestamp":"2019-05-15T05:12:28.944Z"}
{"level":"info","message":"Listening on port 3000....","timestamp":"2019-05-15T05:12:56.444Z"}
{"level":"info","message":"Connected to mongodb://localhost/vidly_tests...","timestamp":"2019-05-15T05:12:56.500Z"}
{"level":"info","message":"Listening on port 3000....","timestamp":"2019-05-15T05:14:05.546Z"}
{"level":"info","message":"Connected to mongodb://localhost/vidly_tests...","timestamp":"2019-05-15T05:14:05.628Z"}
{"level":"info","message":"Listening on port 3000....","timestamp":"2019-05-15T05:14:24.323Z"}
{"level":"info","message":"Connected to mongodb://localhost/vidly_tests...","timestamp":"2019-05-15T05:14:24.385Z"}
{"level":"info","message":"Listening on port 3000....","timestamp":"2019-05-16T00:18:27.073Z"}
{"level":"info","message":"Connected to mongodb://localhost/vidly_tests...","timestamp":"2019-05-16T00:18:27.164Z"}
{"level":"info","message":"Listening on port 3000....","timestamp":"2019-05-16T00:20:53.775Z"}
{"level":"info","message":"Connected to mongodb://localhost/vidly...","timestamp":"2019-05-16T00:20:53.839Z"}
{"level":"info","message":"Listening on port 3000....","timestamp":"2019-05-16T00:21:16.189Z"}
{"level":"info","message":"Connected to mongodb://localhost/vidly_tests...","timestamp":"2019-05-16T00:21:16.253Z"}
{"level":"info","message":"Listening on port 3000....","timestamp":"2019-05-16T00:21:55.288Z"}
{"level":"info","message":"Connected to mongodb://localhost/vidly_tests...","timestamp":"2019-05-16T00:21:55.383Z"}
{"level":"info","message":"Listening on port 3000....","timestamp":"2019-05-16T00:28:01.843Z"}
{"level":"info","message":"Connected to mongodb://localhost/vidly_tests...","timestamp":"2019-05-16T00:28:01.976Z"}
{"level":"info","message":"Listening on port 3000....","timestamp":"2019-05-16T00:35:30.192Z"}
{"level":"info","message":"Connected to mongodb://localhost/vidly_tests...","timestamp":"2019-05-16T00:35:30.317Z"}
{"level":"info","message":"Listening on port 3000....","timestamp":"2019-05-16T00:35:40.168Z"}
{"level":"info","message":"Connected to mongodb://localhost/vidly_tests...","timestamp":"2019-05-16T00:35:40.224Z"}
{"level":"info","message":"Listening on port 3000....","timestamp":"2019-05-16T00:35:59.856Z"}
{"level":"info","message":"Connected to mongodb://localhost/vidly_tests...","timestamp":"2019-05-16T00:35:59.934Z"}
{"level":"info","message":"Listening on port 3000....","timestamp":"2019-05-16T00:41:42.712Z"}
{"level":"info","message":"Connected to mongodb://localhost/vidly_tests...","timestamp":"2019-05-16T00:41:42.805Z"}
{"level":"info","message":"Listening on port 3000....","timestamp":"2019-05-16T00:42:20.414Z"}
{"level":"info","message":"Connected to mongodb://localhost/vidly_tests...","timestamp":"2019-05-16T00:42:20.490Z"}
{"level":"info","message":"Listening on port 3000....","timestamp":"2019-05-16T00:45:53.126Z"}
{"level":"info","message":"Connected to mongodb://localhost/vidly_tests...","timestamp":"2019-05-16T00:45:53.216Z"}
{"level":"info","message":"Listening on port 3000....","timestamp":"2019-05-16T00:48:05.210Z"}
{"level":"info","message":"Connected to mongodb://localhost/vidly_tests...","timestamp":"2019-05-16T00:48:05.299Z"}
{"level":"info","message":"Listening on port 3000....","timestamp":"2019-05-16T00:48:24.765Z"}
{"level":"info","message":"Connected to mongodb://localhost/vidly_tests...","timestamp":"2019-05-16T00:48:24.852Z"}
{"level":"info","message":"Listening on port 3000....","timestamp":"2019-05-16T00:48:37.002Z"}
{"level":"info","message":"Connected to mongodb://localhost/vidly_tests...","timestamp":"2019-05-16T00:48:37.090Z"}
{"level":"info","message":"Listening on port 3000....","timestamp":"2019-05-16T01:45:44.790Z"}
{"level":"info","message":"Connected to mongodb://localhost/vidly_tests...","timestamp":"2019-05-16T01:45:44.870Z"}
{"level":"info","message":"Listening on port 3000....","timestamp":"2019-05-16T01:49:25.350Z"}
{"level":"info","message":"Connected to mongodb://localhost/vidly_tests...","timestamp":"2019-05-16T01:49:25.478Z"}
{"level":"info","message":"Listening on port 3000....","timestamp":"2019-05-16T01:49:46.606Z"}
{"level":"info","message":"Connected to mongodb://localhost/vidly_tests...","timestamp":"2019-05-16T01:49:46.677Z"}
{"level":"info","message":"Listening on port 3000....","timestamp":"2019-05-16T01:56:17.759Z"}
{"level":"info","message":"Connected to mongodb://localhost/vidly_tests...","timestamp":"2019-05-16T01:56:17.829Z"}
{"level":"info","message":"Listening on port 3000....","timestamp":"2019-05-16T02:00:20.815Z"}
{"level":"info","message":"Connected to mongodb://localhost/vidly_tests...","timestamp":"2019-05-16T02:00:20.873Z"}
{"level":"info","message":"Listening on port 3000....","timestamp":"2019-05-16T02:01:40.292Z"}
{"level":"info","message":"Connected to mongodb://localhost/vidly_tests...","timestamp":"2019-05-16T02:01:40.361Z"}
{"level":"info","message":"Listening on port 3000....","timestamp":"2019-05-16T02:01:40.676Z"}
{"level":"info","message":"Listening on port 3000....","timestamp":"2019-05-16T02:02:03.944Z"}
{"level":"info","message":"Connected to mongodb://localhost/vidly_tests...","timestamp":"2019-05-16T02:02:04.025Z"}
{"level":"info","message":"Listening on port 3000....","timestamp":"2019-05-16T02:02:04.224Z"}
{"level":"info","message":"Listening on port 3000....","timestamp":"2019-05-16T02:02:31.292Z"}
{"level":"info","message":"Connected to mongodb://localhost/vidly_tests...","timestamp":"2019-05-16T02:02:31.369Z"}
{"level":"info","message":"Listening on port 3000....","timestamp":"2019-05-16T02:02:31.632Z"}
{"level":"info","message":"Listening on port 3000....","timestamp":"2019-05-16T02:03:13.198Z"}
{"level":"info","message":"Listening on port 3000....","timestamp":"2019-05-16T02:03:13.201Z"}
{"level":"info","message":"Connected to mongodb://localhost/vidly_tests...","timestamp":"2019-05-16T02:03:13.263Z"}
{"level":"info","message":"Connected to mongodb://localhost/vidly_tests...","timestamp":"2019-05-16T02:03:13.352Z"}
{"level":"info","message":"Listening on port 3000....","timestamp":"2019-05-16T02:03:41.296Z"}
{"level":"info","message":"Listening on port 3000....","timestamp":"2019-05-16T02:03:41.347Z"}
{"level":"info","message":"Connected to mongodb://localhost/vidly_tests...","timestamp":"2019-05-16T02:03:41.419Z"}
{"level":"info","message":"Connected to mongodb://localhost/vidly_tests...","timestamp":"2019-05-16T02:03:41.460Z"}
{"level":"info","message":"Listening on port 3000....","timestamp":"2019-05-16T02:04:19.646Z"}
{"level":"info","message":"Listening on port 3000....","timestamp":"2019-05-16T02:04:19.860Z"}
{"level":"info","message":"Connected to mongodb://localhost/vidly_tests...","timestamp":"2019-05-16T02:04:19.914Z"}
{"level":"info","message":"Connected to mongodb://localhost/vidly_tests...","timestamp":"2019-05-16T02:04:19.983Z"}
{"level":"info","message":"Listening on port 3000....","timestamp":"2019-05-16T02:05:29.788Z"}
{"level":"info","message":"Connected to mongodb://localhost/vidly_tests...","timestamp":"2019-05-16T02:05:29.861Z"}
{"level":"info","message":"Listening on port 3000....","timestamp":"2019-05-16T02:05:30.110Z"}
{"level":"info","message":"Listening on port 3000....","timestamp":"2019-05-16T02:05:49.656Z"}
{"level":"info","message":"Connected to mongodb://localhost/vidly_tests...","timestamp":"2019-05-16T02:05:49.730Z"}
{"level":"info","message":"Listening on port 3000....","timestamp":"2019-05-16T02:05:49.952Z"}
{"level":"info","message":"Listening on port 3000....","timestamp":"2019-05-16T02:06:03.299Z"}
{"level":"info","message":"Listening on port 3000....","timestamp":"2019-05-16T02:06:03.345Z"}
{"level":"info","message":"Connected to mongodb://localhost/vidly_tests...","timestamp":"2019-05-16T02:06:03.496Z"}
{"level":"info","message":"Connected to mongodb://localhost/vidly_tests...","timestamp":"2019-05-16T02:06:03.505Z"}
{"level":"info","message":"Listening on port 3000....","timestamp":"2019-05-16T02:16:08.330Z"}
{"level":"info","message":"Connected to mongodb://localhost/vidly_tests...","timestamp":"2019-05-16T02:16:08.407Z"}
{"level":"info","message":"Listening on port 3000....","timestamp":"2019-05-16T02:16:08.753Z"}
{"level":"info","message":"Connected to mongodb://localhost/vidly_tests...","timestamp":"2019-05-16T02:16:08.877Z"}
{"level":"info","message":"Listening on port 3000....","timestamp":"2019-05-16T02:16:38.503Z"}
{"level":"info","message":"Connected to mongodb://localhost/vidly_tests...","timestamp":"2019-05-16T02:16:38.579Z"}
{"level":"info","message":"Listening on port 3000....","timestamp":"2019-05-16T02:16:38.815Z"}
{"level":"info","message":"Connected to mongodb://localhost/vidly_tests...","timestamp":"2019-05-16T02:16:38.959Z"}
{"level":"info","message":"Listening on port 3000....","timestamp":"2019-05-16T02:17:59.369Z"}
{"level":"info","message":"Connected to mongodb://localhost/vidly_tests...","timestamp":"2019-05-16T02:17:59.450Z"}
{"level":"info","message":"Listening on port 3000....","timestamp":"2019-05-16T02:17:59.642Z"}
{"level":"info","message":"Connected to mongodb://localhost/vidly_tests...","timestamp":"2019-05-16T02:17:59.792Z"}
{"level":"info","message":"Listening on port 3000....","timestamp":"2019-05-16T02:18:53.205Z"}
{"level":"info","message":"Connected to mongodb://localhost/vidly_tests...","timestamp":"2019-05-16T02:18:53.285Z"}
{"level":"info","message":"Listening on port 3000....","timestamp":"2019-05-16T02:18:53.425Z"}
{"level":"info","message":"Connected to mongodb://localhost/vidly_tests...","timestamp":"2019-05-16T02:18:53.624Z"}
{"level":"info","message":"Listening on port 3000....","timestamp":"2019-05-16T02:19:24.255Z"}
{"level":"info","message":"Listening on port 3000....","timestamp":"2019-05-16T02:19:24.301Z"}
{"level":"info","message":"Connected to mongodb://localhost/vidly_tests...","timestamp":"2019-05-16T02:19:24.357Z"}
{"level":"info","message":"Connected to mongodb://localhost/vidly_tests...","timestamp":"2019-05-16T02:19:24.386Z"}
{"level":"info","message":"Listening on port 3000....","timestamp":"2019-05-16T02:21:56.291Z"}
{"level":"info","message":"Listening on port 3000....","timestamp":"2019-05-16T02:21:56.310Z"}
{"level":"info","message":"Connected to mongodb://localhost/vidly_tests...","timestamp":"2019-05-16T02:21:56.370Z"}
{"level":"info","message":"Connected to mongodb://localhost/vidly_tests...","timestamp":"2019-05-16T02:21:56.429Z"}
{"level":"info","message":"Listening on port 3000....","timestamp":"2019-05-16T02:28:43.048Z"}
{"level":"info","message":"Listening on port 3000....","timestamp":"2019-05-16T02:28:43.105Z"}
{"level":"info","message":"Connected to mongodb://localhost/vidly_tests...","timestamp":"2019-05-16T02:28:43.158Z"}
{"level":"info","message":"Connected to mongodb://localhost/vidly_tests...","timestamp":"2019-05-16T02:28:43.185Z"}
{"level":"info","message":"Listening on port 3000....","timestamp":"2019-05-16T02:33:26.846Z"}
{"level":"info","message":"Listening on port 3000....","timestamp":"2019-05-16T02:33:26.915Z"}
{"level":"info","message":"Connected to mongodb://localhost/vidly_tests...","timestamp":"2019-05-16T02:33:26.954Z"}
{"level":"info","message":"Connected to mongodb://localhost/vidly_tests...","timestamp":"2019-05-16T02:33:27.077Z"}
{"level":"info","message":"Listening on port 3000....","timestamp":"2019-05-16T02:33:32.570Z"}
{"level":"info","message":"Listening on port 3000....","timestamp":"2019-05-16T02:33:32.590Z"}
{"level":"info","message":"Connected to mongodb://localhost/vidly_tests...","timestamp":"2019-05-16T02:33:32.671Z"}
{"level":"info","message":"Connected to mongodb://localhost/vidly_tests...","timestamp":"2019-05-16T02:33:32.683Z"}
{"level":"info","message":"Listening on port 3000....","timestamp":"2019-05-16T02:34:50.891Z"}
{"level":"info","message":"Listening on port 3000....","timestamp":"2019-05-16T02:34:50.919Z"}
{"level":"info","message":"Connected to mongodb://localhost/vidly_tests...","timestamp":"2019-05-16T02:34:51.003Z"}
{"level":"info","message":"Connected to mongodb://localhost/vidly_tests...","timestamp":"2019-05-16T02:34:51.017Z"}
{"level":"info","message":"Listening on port 3000....","timestamp":"2019-05-16T02:38:26.864Z"}
{"level":"info","message":"Connected to mongodb://localhost/vidly...","timestamp":"2019-05-16T02:38:26.924Z"}
{"level":"info","message":"Listening on port 3000....","timestamp":"2019-05-16T02:38:40.529Z"}
{"level":"info","message":"Listening on port 3000....","timestamp":"2019-05-16T02:38:40.571Z"}
{"level":"info","message":"Connected to mongodb://localhost/vidly_tests...","timestamp":"2019-05-16T02:38:40.633Z"}
{"level":"info","message":"Connected to mongodb://localhost/vidly_tests...","timestamp":"2019-05-16T02:38:40.646Z"}
{"level":"info","message":"Listening on port 3000....","timestamp":"2019-05-16T02:39:24.240Z"}
{"level":"info","message":"Listening on port 3000....","timestamp":"2019-05-16T02:39:24.299Z"}
{"level":"info","message":"Connected to mongodb://localhost/vidly_tests...","timestamp":"2019-05-16T02:39:24.334Z"}
{"level":"info","message":"Connected to mongodb://localhost/vidly_tests...","timestamp":"2019-05-16T02:39:24.455Z"}
{"level":"info","message":"Listening on port 3000....","timestamp":"2019-05-16T02:40:52.882Z"}
{"level":"info","message":"Listening on port 3000....","timestamp":"2019-05-16T02:40:52.933Z"}
{"level":"info","message":"Connected to mongodb://localhost/vidly_tests...","timestamp":"2019-05-16T02:40:52.949Z"}
{"level":"info","message":"Connected to mongodb://localhost/vidly_tests...","timestamp":"2019-05-16T02:40:53.089Z"}
{"level":"info","message":"Listening on port 3000....","timestamp":"2019-05-16T02:41:03.530Z"}
{"level":"info","message":"Connected to mongodb://localhost/vidly_tests...","timestamp":"2019-05-16T02:41:03.643Z"}
{"level":"info","message":"Listening on port 3000....","timestamp":"2019-05-16T02:41:03.676Z"}
{"level":"info","message":"Connected to mongodb://localhost/vidly_tests...","timestamp":"2019-05-16T02:41:03.760Z"}
{"level":"info","message":"Listening on port 4000....","timestamp":"2019-05-16T02:42:19.694Z"}
{"level":"info","message":"Listening on port 4000....","timestamp":"2019-05-16T02:42:19.700Z"}
{"level":"info","message":"Connected to mongodb://localhost/vidly_tests...","timestamp":"2019-05-16T02:42:19.865Z"}
{"level":"info","message":"Connected to mongodb://localhost/vidly_tests...","timestamp":"2019-05-16T02:42:19.920Z"}
{"level":"info","message":"Listening on port 3000....","timestamp":"2019-05-16T02:42:39.534Z"}
{"level":"info","message":"Connected to mongodb://localhost/vidly_tests...","timestamp":"2019-05-16T02:42:39.644Z"}
{"level":"info","message":"Listening on port 3000....","timestamp":"2019-05-16T02:42:39.658Z"}
{"level":"info","message":"Connected to mongodb://localhost/vidly_tests...","timestamp":"2019-05-16T02:42:39.753Z"}
{"level":"info","message":"Listening on port 3000....","timestamp":"2019-05-16T02:43:56.375Z"}
{"level":"info","message":"Listening on port 3000....","timestamp":"2019-05-16T02:43:56.435Z"}
{"level":"info","message":"Connected to mongodb://localhost/vidly_tests...","timestamp":"2019-05-16T02:43:56.473Z"}
{"level":"info","message":"Connected to mongodb://localhost/vidly_tests...","timestamp":"2019-05-16T02:43:56.563Z"}
{"level":"info","message":"Listening on port 3000....","timestamp":"2019-05-16T02:44:44.845Z"}
{"level":"info","message":"Listening on port 3000....","timestamp":"2019-05-16T02:44:44.863Z"}
{"level":"info","message":"Connected to mongodb://localhost/vidly_tests...","timestamp":"2019-05-16T02:44:44.930Z"}
{"level":"info","message":"Connected to mongodb://localhost/vidly_tests...","timestamp":"2019-05-16T02:44:44.985Z"}
{"level":"info","message":"Listening on port 3000....","timestamp":"2019-05-16T02:50:47.942Z"}
{"level":"info","message":"Listening on port 3000....","timestamp":"2019-05-16T02:50:47.958Z"}
{"level":"info","message":"Connected to mongodb://localhost/vidly_tests...","timestamp":"2019-05-16T02:50:48.031Z"}
{"level":"info","message":"Connected to mongodb://localhost/vidly_tests...","timestamp":"2019-05-16T02:50:48.089Z"}
{"level":"info","message":"Listening on port 3000....","timestamp":"2019-05-16T02:51:44.676Z"}
{"level":"info","message":"Connected to mongodb://localhost/vidly_tests...","timestamp":"2019-05-16T02:51:44.750Z"}
{"level":"info","message":"Listening on port 3000....","timestamp":"2019-05-16T02:51:45.032Z"}
{"level":"info","message":"Connected to mongodb://localhost/vidly_tests...","timestamp":"2019-05-16T02:51:45.144Z"}
{"level":"info","message":"Listening on port 3000....","timestamp":"2019-05-16T02:53:49.656Z"}
{"level":"info","message":"Connected to mongodb://localhost/vidly_tests...","timestamp":"2019-05-16T02:53:49.723Z"}
{"level":"info","message":"Listening on port 3000....","timestamp":"2019-05-16T02:53:49.765Z"}
{"level":"info","message":"Connected to mongodb://localhost/vidly_tests...","timestamp":"2019-05-16T02:53:49.845Z"}
{"level":"info","message":"Listening on port 3000....","timestamp":"2019-05-16T02:54:21.892Z"}
{"level":"info","message":"Listening on port 3000....","timestamp":"2019-05-16T02:54:21.922Z"}
{"level":"info","message":"Connected to mongodb://localhost/vidly_tests...","timestamp":"2019-05-16T02:54:21.988Z"}
{"level":"info","message":"Connected to mongodb://localhost/vidly_tests...","timestamp":"2019-05-16T02:54:21.991Z"}
{"level":"info","message":"Listening on port 3000....","timestamp":"2019-05-16T02:56:01.966Z"}
{"level":"info","message":"Connected to mongodb://localhost/vidly_tests...","timestamp":"2019-05-16T02:56:02.029Z"}
{"level":"info","message":"Listening on port 3000....","timestamp":"2019-05-16T02:56:23.016Z"}
{"level":"info","message":"Listening on port 3000....","timestamp":"2019-05-16T02:56:23.084Z"}
{"level":"info","message":"Connected to mongodb://localhost/vidly_tests...","timestamp":"2019-05-16T02:56:23.121Z"}
{"level":"info","message":"Connected to mongodb://localhost/vidly_tests...","timestamp":"2019-05-16T02:56:23.168Z"}
{"level":"info","message":"Listening on port 3000....","timestamp":"2019-05-16T02:57:37.262Z"}
{"level":"info","message":"Connected to mongodb://localhost/vidly_tests...","timestamp":"2019-05-16T02:57:37.351Z"}
{"level":"info","message":"Listening on port 3000....","timestamp":"2019-05-16T02:57:37.577Z"}
{"level":"info","message":"Connected to mongodb://localhost/vidly_tests...","timestamp":"2019-05-16T02:57:37.671Z"}
{"level":"info","message":"Listening on port 3000....","timestamp":"2019-05-16T02:59:16.177Z"}
{"level":"info","message":"Listening on port 3000....","timestamp":"2019-05-16T02:59:16.261Z"}
{"level":"info","message":"Connected to mongodb://localhost/vidly_tests...","timestamp":"2019-05-16T02:59:16.307Z"}
{"level":"info","message":"Connected to mongodb://localhost/vidly_tests...","timestamp":"2019-05-16T02:59:16.352Z"}
{"level":"info","message":"Listening on port 3000....","timestamp":"2019-05-16T03:00:08.413Z"}
{"level":"info","message":"Connected to mongodb://localhost/vidly_tests...","timestamp":"2019-05-16T03:00:08.492Z"}
{"level":"info","message":"Listening on port 3000....","timestamp":"2019-05-16T03:00:17.073Z"}
{"level":"info","message":"Connected to mongodb://localhost/vidly_tests...","timestamp":"2019-05-16T03:00:17.171Z"}
{"level":"info","message":"Listening on port 3000....","timestamp":"2019-05-16T03:00:17.246Z"}
{"level":"info","message":"Connected to mongodb://localhost/vidly_tests...","timestamp":"2019-05-16T03:00:17.338Z"}
{"level":"info","message":"Listening on port 3000....","timestamp":"2019-05-16T03:05:03.294Z"}
{"level":"info","message":"Connected to mongodb://localhost/vidly_tests...","timestamp":"2019-05-16T03:05:03.379Z"}
{"level":"info","message":"Listening on port 3000....","timestamp":"2019-05-16T03:05:03.672Z"}
{"level":"info","message":"Connected to mongodb://localhost/vidly_tests...","timestamp":"2019-05-16T03:05:03.724Z"}
{"level":"info","message":"Listening on port 3000....","timestamp":"2019-05-16T23:11:15.536Z"}
{"level":"info","message":"Connected to mongodb://localhost/vidly_tests...","timestamp":"2019-05-16T23:11:15.623Z"}
{"level":"info","message":"Listening on port 3000....","timestamp":"2019-05-16T23:11:16.221Z"}
{"level":"info","message":"Connected to mongodb://localhost/vidly_tests...","timestamp":"2019-05-16T23:11:16.252Z"}
